<?xml version="1.0" encoding="UTF-8"?>
<!-- Generated by org.testng.reporters.JUnitReportReporter -->
<testsuite hostname="DESKTOP-J5AMVUJ" failures="0" tests="1" name="io.vinam.AutomationCreation" time="17.616" errors="0" timestamp="14 Apr 2021 06:58:07 GMT" skipped="0">
  <testcase classname="io.vinam.AutomationCreation" name="Automation" time="17.616"/>
</testsuite> <!-- io.vinam.AutomationCreation -->
