<?xml version="1.0" encoding="UTF-8"?>
<!-- Generated by org.testng.reporters.JUnitReportReporter -->
<testsuite hostname="DESKTOP-J5AMVUJ" failures="0" tests="1" name="io.vinam.AutomationCreation" time="14.958" errors="0" timestamp="13 Apr 2021 08:57:26 GMT" skipped="0">
  <testcase classname="io.vinam.AutomationCreation" name="Automation" time="14.958"/>
</testsuite> <!-- io.vinam.AutomationCreation -->
