<?xml version="1.0" encoding="UTF-8"?>
<!-- Generated by org.testng.reporters.JUnitReportReporter -->
<testsuite hostname="DESKTOP-J5AMVUJ" failures="0" tests="1" name="io.vinam.LoginTest" time="2.637" errors="0" timestamp="14 Apr 2021 06:45:29 GMT" skipped="0">
  <testcase classname="io.vinam.LoginTest" name="login" time="2.637"/>
</testsuite> <!-- io.vinam.LoginTest -->
